2012-11-13 14:54:56: (log.c.166) server started 
2012-11-13 14:55:53: (mod_fastcgi.c.2701) FastCGI-stderr: PHP Fatal error:  Exception thrown without a stack frame in Unknown on line 0
 
2012-11-13 15:01:10: (mod_fastcgi.c.2701) FastCGI-stderr: PHP Fatal error:  Exception thrown without a stack frame in Unknown on line 0
 
2012-11-13 15:01:40: (mod_fastcgi.c.2701) FastCGI-stderr: PHP Fatal error:  Exception thrown without a stack frame in Unknown on line 0
 
2012-11-13 15:15:33: (mod_fastcgi.c.2701) FastCGI-stderr: PHP Fatal error:  Exception thrown without a stack frame in Unknown on line 0
 
2012-11-13 15:16:16: (mod_fastcgi.c.2701) FastCGI-stderr: PHP Fatal error:  Exception thrown without a stack frame in Unknown on line 0
 
2012-11-13 15:17:19: (mod_fastcgi.c.2701) FastCGI-stderr: PHP Fatal error:  Exception thrown without a stack frame in Unknown on line 0
 
2012-11-13 15:26:43: (mod_fastcgi.c.2701) FastCGI-stderr: PHP Fatal error:  Exception thrown without a stack frame in Unknown on line 0
 
2012-11-13 15:26:58: (mod_fastcgi.c.2701) FastCGI-stderr: PHP Fatal error:  Exception thrown without a stack frame in Unknown on line 0
 
2012-11-13 15:27:44: (mod_fastcgi.c.2701) FastCGI-stderr: PHP Fatal error:  Exception thrown without a stack frame in Unknown on line 0
 
2012-11-13 15:27:59: (mod_fastcgi.c.2701) FastCGI-stderr: PHP Fatal error:  Exception thrown without a stack frame in Unknown on line 0
 
2012-11-13 15:30:17: (mod_fastcgi.c.2701) FastCGI-stderr: PHP Fatal error:  Exception thrown without a stack frame in Unknown on line 0
 
2012-11-13 17:10:32: (mod_fastcgi.c.2701) FastCGI-stderr: PHP Fatal error:  Cannot make non static method Os::pkgInstall() static in class Os_Debian in /home/gin/workspace/zend/tango/application/classes/os/debian.php on line 12
 
2012-11-13 17:37:17: (mod_fastcgi.c.2701) FastCGI-stderr: PHP Fatal error:  Exception thrown without a stack frame in Unknown on line 0
 
2012-11-13 17:39:45: (mod_fastcgi.c.2701) FastCGI-stderr: PHP Fatal error:  Exception thrown without a stack frame in Unknown on line 0
 
2012-11-13 17:39:49: (mod_fastcgi.c.2701) FastCGI-stderr: PHP Fatal error:  Exception thrown without a stack frame in Unknown on line 0
 
2012-11-13 17:57:19: (mod_fastcgi.c.2701) FastCGI-stderr: PHP Fatal error:  Cannot use object of type Request as array in /home/gin/workspace/zend/tango/application/classes/base.php on line 578
 
2012-11-13 18:30:14: (mod_fastcgi.c.2701) FastCGI-stderr: PHP Fatal error:  Cannot use string offset as an array in /home/gin/workspace/zend/tango/application/classes/controller/system/groups.php on line 79
 
2012-11-13 19:03:14: (mod_fastcgi.c.2701) FastCGI-stderr: PHP Fatal error:  Call to undefined method Os::userGroups() in /home/gin/workspace/zend/tango/application/classes/controller/system/groups.php on line 37
 
2012-11-13 19:03:31: (mod_fastcgi.c.2701) FastCGI-stderr: PHP Fatal error:  Call to undefined method Os::userGroups() in /home/gin/workspace/zend/tango/application/classes/controller/system/groups.php on line 37
 
2012-11-13 19:35:02: (mod_fastcgi.c.2701) FastCGI-stderr: PHP Fatal error:  Call to undefined method Os::userGroups() in /home/gin/workspace/zend/tango/application/classes/controller/system/groups.php on line 37
 
2012-11-13 19:35:20: (mod_fastcgi.c.2701) FastCGI-stderr: PHP Fatal error:  Call to undefined method Os::userGroups() in /home/gin/workspace/zend/tango/application/classes/controller/system/groups.php on line 37
 
2012-11-13 19:35:26: (mod_fastcgi.c.2701) FastCGI-stderr: PHP Fatal error:  Call to undefined method Os::userGroups() in /home/gin/workspace/zend/tango/application/classes/controller/system/groups.php on line 37
 
2012-11-13 19:35:39: (mod_fastcgi.c.2701) FastCGI-stderr: PHP Fatal error:  Call to undefined method Os::userGroups() in /home/gin/workspace/zend/tango/application/classes/controller/system/groups.php on line 37
 
2012-11-13 19:36:18: (mod_fastcgi.c.2701) FastCGI-stderr: PHP Fatal error:  Call to undefined method Os::userGroups() in /home/gin/workspace/zend/tango/application/classes/controller/system/groups.php on line 37
 
2012-11-13 19:38:20: (mod_fastcgi.c.2701) FastCGI-stderr: PHP Parse error:  syntax error, unexpected T_PAAMAYIM_NEKUDOTAYIM in /home/gin/workspace/zend/tango/application/classes/controller/system/groups.php on line 37
 
2012-11-13 20:47:49: (mod_fastcgi.c.2701) FastCGI-stderr: PHP Fatal error:  Access to undeclared static property: Kohana::$is_cli in /home/gin/workspace/zend/tango/modules/fire/init.php on line 4
 
2012-11-13 20:54:59: (mod_fastcgi.c.2701) FastCGI-stderr: PHP Fatal error:  Call to undefined method Os_Debian::exec() in /home/gin/workspace/zend/tango/application/classes/os/debian.php on line 334
 
2012-11-13 21:45:23: (mod_fastcgi.c.2701) FastCGI-stderr: PHP Fatal error:  Exception thrown without a stack frame in Unknown on line 0
 
2012-11-13 21:45:29: (mod_fastcgi.c.2701) FastCGI-stderr: PHP Fatal error:  Exception thrown without a stack frame in Unknown on line 0
 
2012-11-13 21:45:36: (mod_fastcgi.c.2701) FastCGI-stderr: PHP Fatal error:  Exception thrown without a stack frame in Unknown on line 0
 
2012-11-13 21:45:39: (mod_fastcgi.c.2701) FastCGI-stderr: PHP Fatal error:  Exception thrown without a stack frame in Unknown on line 0
 
2012-11-13 21:45:40: (mod_fastcgi.c.2701) FastCGI-stderr: PHP Fatal error:  Exception thrown without a stack frame in Unknown on line 0
 
2012-11-13 21:45:41: (mod_fastcgi.c.2701) FastCGI-stderr: PHP Fatal error:  Exception thrown without a stack frame in Unknown on line 0
 
2012-11-13 21:45:50: (mod_fastcgi.c.2701) FastCGI-stderr: PHP Fatal error:  Exception thrown without a stack frame in Unknown on line 0
 
2012-11-13 21:45:54: (mod_fastcgi.c.2701) FastCGI-stderr: PHP Fatal error:  Exception thrown without a stack frame in Unknown on line 0
 
2012-11-13 21:46:25: (mod_fastcgi.c.2701) FastCGI-stderr: PHP Fatal error:  Exception thrown without a stack frame in Unknown on line 0
 
2012-11-13 21:46:40: (mod_fastcgi.c.2701) FastCGI-stderr: PHP Fatal error:  Exception thrown without a stack frame in Unknown on line 0
 
2012-11-13 22:26:55: (server.c.1512) server stopped by UID = 0 PID = 30089 
2012-11-13 22:28:36: (log.c.166) server started 
2012-11-14 00:29:20: (mod_fastcgi.c.2701) FastCGI-stderr: PHP Fatal error:  Call to undefined method Response::response() in /home/gin/workspace/zend/tango/application/classes/controller/api.php on line 20
 
2012-11-16 20:51:38: (server.c.1512) server stopped by UID = 0 PID = 32651 
2012-11-16 23:01:31: (log.c.166) server started 
2012-11-17 07:46:40: (server.c.1512) server stopped by UID = 0 PID = 2962 
2012-11-19 10:43:56: (log.c.166) server started 
2012-11-21 01:24:21: (server.c.1512) server stopped by UID = 0 PID = 3273 
2012-11-21 10:42:40: (log.c.166) server started 
2012-11-21 19:28:19: (server.c.1512) server stopped by UID = 0 PID = 2642 
2012-11-27 13:45:36: (log.c.166) server started 
2012-11-27 14:18:27: (mod_fastcgi.c.2701) FastCGI-stderr: PHP Fatal error:  Exception thrown without a stack frame in Unknown on line 0
 
2012-11-27 15:20:02: (mod_fastcgi.c.2701) FastCGI-stderr: PHP Fatal error:  Exception thrown without a stack frame in Unknown on line 0
 
2012-11-28 16:51:55: (mod_fastcgi.c.2701) FastCGI-stderr: PHP Fatal error:  Exception thrown without a stack frame in Unknown on line 0
 
2012-11-28 16:58:05: (mod_fastcgi.c.2701) FastCGI-stderr: PHP Fatal error:  Exception thrown without a stack frame in Unknown on line 0
 
2012-11-28 17:02:40: (mod_fastcgi.c.2701) FastCGI-stderr: PHP Fatal error:  Exception thrown without a stack frame in Unknown on line 0
 
2012-11-28 17:03:35: (mod_fastcgi.c.2701) FastCGI-stderr: PHP Fatal error:  Exception thrown without a stack frame in Unknown on line 0
 
2012-11-28 17:03:38: (mod_fastcgi.c.2701) FastCGI-stderr: PHP Fatal error:  Exception thrown without a stack frame in Unknown on line 0
 
2012-11-28 17:06:39: (mod_fastcgi.c.2701) FastCGI-stderr: PHP Fatal error:  Exception thrown without a stack frame in Unknown on line 0
 
2012-11-29 00:28:45: (server.c.1512) server stopped by UID = 0 PID = 4837 
2012-11-29 09:49:06: (log.c.166) server started 
2012-12-01 00:21:33: (server.c.1512) server stopped by UID = 0 PID = 3095 
2012-12-01 23:06:10: (log.c.166) server started 
2012-12-02 15:12:59: (log.c.166) server started 
2012-12-02 21:47:39: (server.c.1512) server stopped by UID = 0 PID = 2282 
2012-12-03 14:07:17: (log.c.166) server started 
2012-12-14 19:17:20: (log.c.166) server started 
2012-12-17 19:06:21: (server.c.1512) server stopped by UID = 0 PID = 4784 
2012-12-17 22:07:57: (log.c.166) server started 
2012-12-19 16:25:32: (server.c.1512) server stopped by UID = 0 PID = 8030 
2012-12-19 16:25:37: (log.c.166) server started 
2012-12-19 16:47:34: (server.c.1512) server stopped by UID = 0 PID = 2911 
2012-12-20 10:01:51: (log.c.166) server started 
2012-12-21 02:27:12: (server.c.1512) server stopped by UID = 0 PID = 2821 
2013-01-05 15:51:47: (log.c.166) server started 
2013-01-06 02:18:05: (server.c.1512) server stopped by UID = 0 PID = 3292 
2013-01-06 11:28:12: (log.c.166) server started 
2013-01-06 12:23:45: (mod_fastcgi.c.2701) FastCGI-stderr: PHP Fatal error:  Exception thrown without a stack frame in Unknown on line 0
 
2013-01-06 12:23:52: (mod_fastcgi.c.2701) FastCGI-stderr: PHP Fatal error:  Exception thrown without a stack frame in Unknown on line 0
 
2013-01-06 13:09:43: (mod_fastcgi.c.2701) FastCGI-stderr: PHP Fatal error:  Exception thrown without a stack frame in Unknown on line 0
 
2013-01-06 13:37:27: (mod_fastcgi.c.2701) FastCGI-stderr: PHP Fatal error:  Exception thrown without a stack frame in Unknown on line 0
 
2013-01-06 14:26:04: (mod_fastcgi.c.2701) FastCGI-stderr: PHP Fatal error:  Using $this when not in object context in /home/gin/workspace/php/tango/application/views/storage/index.php on line 2
 
2013-01-06 22:04:18: (server.c.1512) server stopped by UID = 0 PID = 4602 
2013-01-06 22:04:40: (log.c.166) server started 
2013-01-07 01:49:36: (server.c.1512) server stopped by UID = 0 PID = 2440 
2013-01-08 10:49:50: (log.c.166) server started 
2013-01-11 11:55:33: (log.c.166) server started 
2013-01-11 22:48:21: (server.c.1512) server stopped by UID = 0 PID = 2655 
2013-01-14 10:44:15: (log.c.166) server started 
2013-01-17 10:33:44: (log.c.166) server started 
2013-01-20 15:18:51: (log.c.166) server started 
2013-01-23 19:43:34: (server.c.1512) server stopped by UID = 0 PID = 3640 
2013-01-25 12:35:57: (log.c.166) server started 
2013-01-26 00:41:02: (server.c.1512) server stopped by UID = 0 PID = 2850 
2013-01-28 16:12:31: (log.c.166) server started 
2013-02-02 12:49:35: (log.c.166) server started 
2013-02-03 17:03:08: (log.c.166) server started 
2013-02-03 19:10:06: (server.c.1512) server stopped by UID = 0 PID = 17690 
2013-02-04 03:21:03: (log.c.166) server started 
2013-02-06 20:05:21: (server.c.1502) unlink failed for: /opt/tango/lighttpd/lighttpd.pid 2 No such file or directory 
2013-02-06 20:05:21: (server.c.1512) server stopped by UID = 0 PID = 7146 
